<?xml version="1.0" encoding="UTF-8"?>
<!-- Generated by org.testng.reporters.JUnitReportReporter -->
<testsuite hostname="LAPTOP-1S9JIMTU" failures="0" tests="1" name="com.Skillrary.ShareTwitter.ShareViaTwitter" time="35.852" errors="0" timestamp="2023-01-24T16:58:22 IST" skipped="0">
  <testcase classname="com.Skillrary.ShareTwitter.ShareViaTwitter" name="shareViaTwitterTest" time="35.852"/>
  <system-out>
    <![CDATA[Page Name is Displayed,Pass]]>
  </system-out>
</testsuite> <!-- com.Skillrary.ShareTwitter.ShareViaTwitter -->
