<?xml version="1.0" encoding="UTF-8"?>
<!-- Generated by org.testng.reporters.JUnitReportReporter -->
<testsuite hostname="LAPTOP-1S9JIMTU" failures="0" tests="1" name="com.Skillrary.Facebook.FacebookCreateAccount" time="15.332" errors="0" timestamp="2023-01-24T16:58:22 IST" skipped="0">
  <testcase classname="com.Skillrary.Facebook.FacebookCreateAccount" name="facebookCreateAccountTest" time="15.332"/>
  <system-out/>
</testsuite> <!-- com.Skillrary.Facebook.FacebookCreateAccount -->
